info: server is running on port : 3006 {"timestamp":"2024-10-09 12:44:04"}
info: GPS socket server is listening on port 3005 {"date":1728458044748,"timestamp":"2024-10-09 12:44:04"}
info: server is running on port : 3006 {"timestamp":"2024-10-11 17:46:16"}
info: GPS socket server is listening on port 3005 {"date":1728648976550,"timestamp":"2024-10-11 17:46:16"}
info: server is running on port : 3006 {"timestamp":"2024-10-11 17:46:26"}
info: GPS socket server is listening on port 3005 {"date":1728648986923,"timestamp":"2024-10-11 17:46:26"}
info: server is running on port : 3006 {"timestamp":"2024-10-11 17:47:17"}
info: GPS socket server is listening on port 3005 {"date":1728649037706,"timestamp":"2024-10-11 17:47:17"}
info: server is running on port : 3006 {"timestamp":"2024-10-11 18:07:58"}
info: GPS socket server is listening on port 3005 _ true {"date":1728650278090,"timestamp":"2024-10-11 18:07:58"}
info: server is running on port : 3006 {"timestamp":"2024-10-11 18:09:08"}
info: GPS socket server is listening on port 3005 _ true {"date":1728650348755,"timestamp":"2024-10-11 18:09:08"}
info: server is running on port : 3006 {"timestamp":"2024-10-11 18:09:19"}
info: GPS socket server is listening on port 3005 _ true {"date":1728650359179,"timestamp":"2024-10-11 18:09:19"}
info: server is running on port : 3006 {"timestamp":"2024-10-11 18:10:41"}
info: GPS socket server is listening on port 3005 _ true {"date":1728650441423,"timestamp":"2024-10-11 18:10:41"}
info: server is running on port : 3006 {"timestamp":"2024-10-11 18:10:46"}
info: GPS socket server is listening on port 3005 _ true {"date":1728650446419,"timestamp":"2024-10-11 18:10:46"}
info: server is running on port : 3006 {"timestamp":"2024-10-11 18:12:52"}
info: GPS socket server is listening on port 3005 _ true {"date":1728650572174,"timestamp":"2024-10-11 18:12:52"}
info: server is running on port : 3006 {"timestamp":"2024-10-11 18:13:07"}
info: GPS socket server is listening on port 3005 _ true {"date":1728650587469,"timestamp":"2024-10-11 18:13:07"}
info: server is running on port : 3006 {"timestamp":"2024-10-11 18:32:28"}
info: GPS socket server is listening on port 3005 _ true {"date":1728651748630,"timestamp":"2024-10-11 18:32:28"}
info: server is running on port : 3006 {"timestamp":"2024-10-11 18:33:25"}
info: GPS socket server is listening on port 3005 _ true {"date":1728651805243,"timestamp":"2024-10-11 18:33:25"}
info: server is running on port : 3006 {"timestamp":"2024-10-11 18:33:46"}
info: GPS socket server is listening on port 3005 _ true {"date":1728651826543,"timestamp":"2024-10-11 18:33:46"}
info: server is running on port : 3006 {"timestamp":"2024-10-11 18:34:00"}
info: GPS socket server is listening on port 3005 _ true {"date":1728651840577,"timestamp":"2024-10-11 18:34:00"}
info: server is running on port : 3006 {"timestamp":"2024-10-11 18:34:20"}
info: GPS socket server is listening on port 3005 _ true {"date":1728651860090,"timestamp":"2024-10-11 18:34:20"}
info: server is running on port : 3006 {"timestamp":"2024-10-11 18:35:21"}
info: GPS socket server is listening on port 3005 _ true {"date":1728651921908,"timestamp":"2024-10-11 18:35:21"}
info: server is running on port : 3006 {"timestamp":"2024-10-11 18:38:24"}
info: GPS socket server is listening on port 3005 _ true {"date":1728652104931,"timestamp":"2024-10-11 18:38:24"}
info: server is running on port : 3006 {"timestamp":"2024-10-11 18:38:46"}
info: GPS socket server is listening on port 3005 _ true {"date":1728652126396,"timestamp":"2024-10-11 18:38:46"}
info: server is running on port : 3006 {"timestamp":"2024-10-11 18:38:59"}
info: GPS socket server is listening on port 3005 _ true {"date":1728652139585,"timestamp":"2024-10-11 18:38:59"}
info: server is running on port : 3006 {"timestamp":"2024-10-11 18:39:19"}
info: GPS socket server is listening on port 3005 _ true {"date":1728652159087,"timestamp":"2024-10-11 18:39:19"}
info: server is running on port : 3006 {"timestamp":"2024-10-11 18:47:05"}
info: GPS socket server is listening on port 3005 _ true {"date":1728652625786,"timestamp":"2024-10-11 18:47:05"}
info: server is running on port : 3006 {"timestamp":"2024-10-11 18:47:12"}
info: GPS socket server is listening on port 3005 _ true {"date":1728652632576,"timestamp":"2024-10-11 18:47:12"}
info: server is running on port : 3006 {"timestamp":"2024-10-11 18:47:53"}
info: GPS socket server is listening on port 3005 _ true {"date":1728652673323,"timestamp":"2024-10-11 18:47:53"}
info: server is running on port : 3006 {"timestamp":"2024-10-11 18:48:10"}
info: GPS socket server is listening on port 3005 _ true {"date":1728652690566,"timestamp":"2024-10-11 18:48:10"}
info: server is running on port : 3006 {"timestamp":"2024-10-11 18:48:21"}
info: GPS socket server is listening on port 3005 _ true {"date":1728652701408,"timestamp":"2024-10-11 18:48:21"}
info: server is running on port : 3006 {"timestamp":"2024-10-11 18:49:03"}
info: GPS socket server is listening on port 3005 _ true {"date":1728652743638,"timestamp":"2024-10-11 18:49:03"}
info: server is running on port : 3006 {"timestamp":"2024-10-11 18:50:52"}
info: GPS socket server is listening on port 3005 _ true {"date":1728652852221,"timestamp":"2024-10-11 18:50:52"}
info: server is running on port : 3006 {"timestamp":"2024-10-11 18:56:19"}
info: GPS socket server is listening on port 3005 _ true {"date":1728653179792,"timestamp":"2024-10-11 18:56:19"}
info: server is running on port : 3006 {"timestamp":"2024-10-11 18:59:31"}
info: GPS socket server is listening on port 3005 _ true {"date":1728653371180,"timestamp":"2024-10-11 18:59:31"}
info: server is running on port : 3006 {"timestamp":"2024-10-11 19:00:15"}
info: GPS socket server is listening on port 3005 _ true {"date":1728653415620,"timestamp":"2024-10-11 19:00:15"}
info: server is running on port : 3006 {"timestamp":"2024-10-11 19:04:29"}
info: GPS socket server is listening on port 3005 _ true {"date":1728653669617,"timestamp":"2024-10-11 19:04:29"}
info: server is running on port : 3006 {"timestamp":"2024-10-11 19:04:44"}
info: GPS socket server is listening on port 3005 _ true {"date":1728653684027,"timestamp":"2024-10-11 19:04:44"}
info: server is running on port : 3006 {"timestamp":"2024-10-14 10:28:47"}
info: GPS socket server is listening on port 3005 _ true {"date":1728881927566,"timestamp":"2024-10-14 10:28:47"}
info: server is running on port : 3006 {"timestamp":"2024-10-14 10:29:42"}
info: GPS socket server is listening on port 3005 _ true {"date":1728881982252,"timestamp":"2024-10-14 10:29:42"}
info: server is running on port : 3006 {"timestamp":"2024-10-14 10:44:14"}
info: GPS socket server is listening on port 3005 _ true {"date":1728882854011,"timestamp":"2024-10-14 10:44:14"}
info: server is running on port : 3006 {"timestamp":"2024-10-14 10:44:24"}
info: GPS socket server is listening on port 3005 _ true {"date":1728882864713,"timestamp":"2024-10-14 10:44:24"}
info: server is running on port : 3006 {"timestamp":"2024-10-14 10:44:33"}
info: GPS socket server is listening on port 3005 _ true {"date":1728882873278,"timestamp":"2024-10-14 10:44:33"}
info: server is running on port : 3006 {"timestamp":"2024-10-14 10:46:18"}
info: GPS socket server is listening on port 3005 _ true {"date":1728882978217,"timestamp":"2024-10-14 10:46:18"}
info: server is running on port : 3006 {"timestamp":"2024-10-14 11:00:34"}
info: GPS socket server is listening on port 3005 _ true {"date":1728883834402,"timestamp":"2024-10-14 11:00:34"}
info: server is running on port : 3006 {"timestamp":"2024-10-14 11:03:03"}
info: GPS socket server is listening on port 3005 _ true {"date":1728883983537,"timestamp":"2024-10-14 11:03:03"}
info: server is running on port : 3006 {"timestamp":"2024-10-14 11:03:06"}
info: GPS socket server is listening on port 3005 _ true {"date":1728883986709,"timestamp":"2024-10-14 11:03:06"}
info: server is running on port : 3006 {"timestamp":"2024-10-14 11:03:38"}
info: GPS socket server is listening on port 3005 _ true {"date":1728884018178,"timestamp":"2024-10-14 11:03:38"}
info: server is running on port : 3006 {"timestamp":"2024-10-14 11:31:12"}
info: GPS socket server is listening on port 3005 _ true {"date":1728885672040,"timestamp":"2024-10-14 11:31:12"}
info: server is running on port : 3006 {"timestamp":"2024-10-14 11:31:32"}
info: GPS socket server is listening on port 3005 _ true {"date":1728885692703,"timestamp":"2024-10-14 11:31:32"}
info: server is running on port : 3006 {"timestamp":"2024-10-14 12:27:01"}
info: GPS socket server is listening on port 3005 _ true {"date":1728889021713,"timestamp":"2024-10-14 12:27:01"}
info: server is running on port : 3006 {"timestamp":"2024-10-14 12:27:24"}
info: GPS socket server is listening on port 3005 _ true {"date":1728889044049,"timestamp":"2024-10-14 12:27:24"}
info: server is running on port : 3006 {"timestamp":"2024-10-14 12:33:47"}
info: GPS socket server is listening on port 3005 _ true {"date":1728889427066,"timestamp":"2024-10-14 12:33:47"}
info: server is running on port : 3006 {"timestamp":"2024-10-14 12:33:51"}
info: GPS socket server is listening on port 3005 _ true {"date":1728889431155,"timestamp":"2024-10-14 12:33:51"}
info: server is running on port : 3006 {"timestamp":"2024-10-14 12:34:29"}
info: GPS socket server is listening on port 3005 _ true {"date":1728889469010,"timestamp":"2024-10-14 12:34:29"}
info: server is running on port : 3006 {"timestamp":"2024-10-14 12:34:46"}
info: GPS socket server is listening on port 3005 _ true {"date":1728889486796,"timestamp":"2024-10-14 12:34:46"}
info: server is running on port : 3006 {"timestamp":"2024-10-14 12:36:40"}
info: GPS socket server is listening on port 3005 _ true {"date":1728889600024,"timestamp":"2024-10-14 12:36:40"}
info: server is running on port : 3006 {"timestamp":"2024-10-14 12:36:54"}
info: GPS socket server is listening on port 3005 _ true {"date":1728889614382,"timestamp":"2024-10-14 12:36:54"}
info: server is running on port : 3006 {"timestamp":"2024-10-14 12:37:14"}
info: GPS socket server is listening on port 3005 _ true {"date":1728889634674,"timestamp":"2024-10-14 12:37:14"}
info: server is running on port : 3006 {"timestamp":"2024-10-14 12:37:41"}
info: GPS socket server is listening on port 3005 _ true {"date":1728889661822,"timestamp":"2024-10-14 12:37:41"}
info: server is running on port : 3006 {"timestamp":"2024-10-14 12:41:16"}
info: GPS socket server is listening on port 3005 _ true {"date":1728889876866,"timestamp":"2024-10-14 12:41:16"}
info: server is running on port : 3006 {"timestamp":"2024-10-14 18:24:10"}
info: GPS socket server is listening on port 3005 _ true {"date":1728910450653,"timestamp":"2024-10-14 18:24:10"}
<<<<<<< HEAD
info: server is running on port : 3006 {"timestamp":"2024-10-14 18:36:00"}
info: GPS socket server is listening on port 3005 _ true {"date":1728911160960,"timestamp":"2024-10-14 18:36:00"}
info: server is running on port : 3006 {"timestamp":"2024-10-14 18:36:07"}
info: GPS socket server is listening on port 3005 _ true {"date":1728911167642,"timestamp":"2024-10-14 18:36:07"}
info: server is running on port : 3006 {"timestamp":"2024-10-14 18:36:27"}
info: GPS socket server is listening on port 3005 _ true {"date":1728911187420,"timestamp":"2024-10-14 18:36:27"}
=======
>>>>>>> origin/master
info: server is running on port : 3006 {"timestamp":"2024-10-14 18:37:22"}
info: GPS socket server is listening on port 3005 _ true {"date":1728911242850,"timestamp":"2024-10-14 18:37:22"}
info: server is running on port : 3006 {"timestamp":"2024-10-14 18:38:20"}
info: GPS socket server is listening on port 3005 _ true {"date":1728911300277,"timestamp":"2024-10-14 18:38:20"}
info: server is running on port : 3006 {"timestamp":"2024-10-14 18:43:48"}
info: GPS socket server is listening on port 3005 _ true {"date":1728911628909,"timestamp":"2024-10-14 18:43:48"}
info: server is running on port : 3006 {"timestamp":"2024-10-14 18:48:56"}
info: GPS socket server is listening on port 3005 _ true {"date":1728911936750,"timestamp":"2024-10-14 18:48:56"}
info: server is running on port : 3006 {"timestamp":"2024-10-15 12:01:44"}
info: GPS socket server is listening on port 3005 _ true {"date":1728973904041,"timestamp":"2024-10-15 12:01:44"}
info: server is running on port : 3006 {"timestamp":"2024-10-15 12:03:04"}
info: GPS socket server is listening on port 3005 _ true {"date":1728973984012,"timestamp":"2024-10-15 12:03:04"}
info: server is running on port : 3006 {"timestamp":"2024-10-15 12:03:10"}
info: GPS socket server is listening on port 3005 _ true {"date":1728973990361,"timestamp":"2024-10-15 12:03:10"}
info: server is running on port : 3006 {"timestamp":"2024-10-15 12:05:35"}
info: GPS socket server is listening on port 3005 _ true {"date":1728974135765,"timestamp":"2024-10-15 12:05:35"}
info: server is running on port : 3006 {"timestamp":"2024-10-15 12:05:59"}
info: GPS socket server is listening on port 3005 _ true {"date":1728974159369,"timestamp":"2024-10-15 12:05:59"}
info: server is running on port : 3006 {"timestamp":"2024-10-15 12:06:16"}
info: GPS socket server is listening on port 3005 _ true {"date":1728974176362,"timestamp":"2024-10-15 12:06:16"}
info: server is running on port : 3006 {"timestamp":"2024-10-15 12:07:30"}
info: GPS socket server is listening on port 3005 _ true {"date":1728974250202,"timestamp":"2024-10-15 12:07:30"}
info: server is running on port : 3006 {"timestamp":"2024-10-15 12:07:47"}
info: GPS socket server is listening on port 3005 _ true {"date":1728974267363,"timestamp":"2024-10-15 12:07:47"}
info: server is running on port : 3006 {"timestamp":"2024-10-15 12:07:50"}
info: GPS socket server is listening on port 3005 _ true {"date":1728974270422,"timestamp":"2024-10-15 12:07:50"}
info: server is running on port : 3006 {"timestamp":"2024-10-15 12:09:54"}
info: GPS socket server is listening on port 3005 _ true {"date":1728974394100,"timestamp":"2024-10-15 12:09:54"}
info: server is running on port : 3006 {"timestamp":"2024-10-15 12:39:30"}
info: GPS socket server is listening on port 3005 _ true {"date":1728976170333,"timestamp":"2024-10-15 12:39:30"}
info: server is running on port : 3006 {"timestamp":"2024-10-15 12:40:35"}
info: GPS socket server is listening on port 3005 _ true {"date":1728976235533,"timestamp":"2024-10-15 12:40:35"}
info: server is running on port : 3006 {"timestamp":"2024-10-15 12:41:29"}
info: GPS socket server is listening on port 3005 _ true {"date":1728976290002,"timestamp":"2024-10-15 12:41:30"}
info: server is running on port : 3006 {"timestamp":"2024-10-15 12:41:58"}
info: GPS socket server is listening on port 3005 _ true {"date":1728976318635,"timestamp":"2024-10-15 12:41:58"}
info: server is running on port : 3006 {"timestamp":"2024-10-15 12:42:13"}
info: GPS socket server is listening on port 3005 _ true {"date":1728976333421,"timestamp":"2024-10-15 12:42:13"}
info: server is running on port : 3006 {"timestamp":"2024-10-15 12:42:28"}
info: GPS socket server is listening on port 3005 _ true {"date":1728976348054,"timestamp":"2024-10-15 12:42:28"}
info: server is running on port : 3006 {"timestamp":"2024-10-15 12:42:37"}
info: GPS socket server is listening on port 3005 _ true {"date":1728976357918,"timestamp":"2024-10-15 12:42:37"}
info: server is running on port : 3006 {"timestamp":"2024-10-15 12:43:19"}
info: GPS socket server is listening on port 3005 _ true {"date":1728976399467,"timestamp":"2024-10-15 12:43:19"}
info: server is running on port : 3006 {"timestamp":"2024-10-15 12:44:08"}
info: GPS socket server is listening on port 3005 _ true {"date":1728976448069,"timestamp":"2024-10-15 12:44:08"}
info: server is running on port : 3006 {"timestamp":"2024-10-15 12:44:14"}
info: GPS socket server is listening on port 3005 _ true {"date":1728976454139,"timestamp":"2024-10-15 12:44:14"}
info: server is running on port : 3006 {"timestamp":"2024-10-15 12:44:38"}
info: GPS socket server is listening on port 3005 _ true {"date":1728976478658,"timestamp":"2024-10-15 12:44:38"}
info: server is running on port : 3006 {"timestamp":"2024-10-15 12:54:03"}
info: GPS socket server is listening on port 3005 _ true {"date":1728977043278,"timestamp":"2024-10-15 12:54:03"}
info: server is running on port : 3006 {"timestamp":"2024-10-15 12:54:08"}
info: GPS socket server is listening on port 3005 _ true {"date":1728977048641,"timestamp":"2024-10-15 12:54:08"}
info: server is running on port : 3006 {"timestamp":"2024-10-15 12:55:03"}
info: GPS socket server is listening on port 3005 _ true {"date":1728977103233,"timestamp":"2024-10-15 12:55:03"}
info: server is running on port : 3006 {"timestamp":"2024-10-15 12:55:14"}
info: GPS socket server is listening on port 3005 _ true {"date":1728977114845,"timestamp":"2024-10-15 12:55:14"}
info: server is running on port : 3006 {"timestamp":"2024-10-15 12:55:27"}
info: GPS socket server is listening on port 3005 _ true {"date":1728977127219,"timestamp":"2024-10-15 12:55:27"}
info: GPS DEVICE CONNECTED IPWISE {"timestamp":"2024-10-15 12:56:33"}
